<?xml version="1.0" encoding="UTF-8"?>
<testsuite xmlns:xsi="http://www.w3.org/2001/XMLSchema-instance" xsi:noNamespaceSchemaLocation="https://maven.apache.org/surefire/maven-failsafe-plugin/xsd/failsafe-test-report-3.0.xsd" version="3.0" name="Check for Response Status Code, Content Type, Response Time and other other basic response validation" time="26.034" tests="5" errors="0" skipped="0" failures="0">
  <properties>
[...]
</properties>
  <testcase name="Verify response for a city" classname="Check for Response Status Code, Content Type, Response Time and other other basic response validation" time="20.911">
    <system-out><![CDATA[03:44:27.162 [pool-2-thread-1] INFO  i.c.core.plugin.SerenityReporter - Running feature from file:///D:/Chetan/Workspace/sojeti-automation-task-serenity-cucumber/src/test/resources/features/apiFeatures/CheckService.feature

03:44:28.358 [pool-2-thread-1] INFO   - 

-------------------------------------------------------------------------------------
     _______. _______ .______       _______ .__   __.  __  .___________.____    ____ 
    /       ||   ____||   _  \     |   ____||  \ |  | |  | |           |\   \  /   / 
   |   (----`|  |__   |  |_)  |    |  |__   |   \|  | |  | `---|  |----` \   \/   /  
    \   \    |   __|  |      /     |   __|  |  . `  | |  |     |  |       \_    _/   
.----)   |   |  |____ |  |\  \----.|  |____ |  |\   | |  |     |  |         |  |     
|_______/    |_______|| _| `._____||_______||__| \__| |__|     |__|         |__|    
                                                                                     
 News and tutorials at http://www.serenity-bdd.info                                  
 Documentation at https://wakaleo.gitbooks.io/the-serenity-book/content/             
 Join the Serenity Community on Gitter: https://gitter.im/serenity-bdd/serenity-core 
 Serenity BDD Support and Training at http://serenity-bdd.info/#/trainingandsupport  
-------------------------------------------------------------------------------------


03:44:28.378 [pool-2-thread-1] INFO   - Test Suite Started: Check for Response Status Code, Content Type, Response Time and other other basic response validation

03:44:28.465 [pool-2-thread-1] INFO  i.c.core.plugin.SerenityReporter - Running feature from file:///D:/Chetan/Workspace/sojeti-automation-task-serenity-cucumber/src/test/resources/features/guiFeatures/SubmitContactForm.feature

03:44:28.484 [pool-2-thread-1] INFO   - Test Suite Started: Fill and Submit Contact Us Form on Automation Page under Services

03:44:28.484 [pool-2-thread-1] INFO  i.c.core.plugin.SerenityReporter - Running feature from file:///D:/Chetan/Workspace/sojeti-automation-task-serenity-cucumber/src/test/resources/features/guiFeatures/ValidateAutomationPage.feature

03:44:28.497 [pool-2-thread-1] INFO   - Test Suite Started: Validate text and links on Automation Page under Services

03:44:28.498 [pool-2-thread-1] INFO  i.c.core.plugin.SerenityReporter - Running feature from file:///D:/Chetan/Workspace/sojeti-automation-task-serenity-cucumber/src/test/resources/features/guiFeatures/ValidateCountryLinks.feature

03:44:28.511 [pool-2-thread-1] INFO   - Test Suite Started: Verify all Worldwide Country specific Sogeti links


@APITest @SogetiTask @Test1
Scenario: Verify response for a city                                     &amp#27;[90m# src/test/resources/features/apiFeatures/CheckService.feature:5&amp#27;[0m
03:44:29.258 [pool-2-thread-1] INFO  i.c.core.plugin.SerenityReporter - Running feature from file:///D:/Chetan/Workspace/sojeti-automation-task-serenity-cucumber/src/test/resources/features/apiFeatures/CheckService.feature
03:44:30.039 [pool-2-thread-1] INFO   - 
 _____ _____ ____ _____   ____ _____  _    ____ _____ _____ ____  
|_   _| ____/ ___|_   _| / ___|_   _|/ \  |  _ \_   _| ____|  _ \ 
  | | |  _| \___ \ | |   \___ \ | | / _ \ | |_) || | |  _| | | | |
  | | | |___ ___) || |    ___) || |/ ___ \|  _ < | | | |___| |_| |
  |_| |_____|____/ |_|   |____/ |_/_/   \_\_| \_\|_| |_____|____/ 

Verify response for a city(check-for-response-status-code--content-type--response-time-and-other-other-basic-response-validation;verify-response-for-a-city)
-------------------------------------------------------------------
URL============> http://api.zippopotam.us/de/bw/stuttgart
  &amp#27;[32mGiven &amp#27;[0m&amp#27;[32man API Get Request is triggered with endpoint &amp#27;[0m&amp#27;[32m&amp#27;[1m"/de/bw/stuttgart"&amp#27;[0m &amp#27;[90m# starter.stepdefinitions.CheckServicesDefinition.an_api_get_request_is_triggered_with_endpoint(java.lang.String)&amp#27;[0m
REPONSE CODE============> 200
  &amp#27;[32mThen &amp#27;[0m&amp#27;[32mAPI service response code is &amp#27;[0m&amp#27;[32m&amp#27;[1m200&amp#27;[0m                                  &amp#27;[90m# starter.stepdefinitions.CheckServicesDefinition.api_service_response_code_is(int)&amp#27;[0m
CONTENT TYPE============> application/json
  &amp#27;[32mAnd &amp#27;[0m&amp#27;[32mcontent type is &amp#27;[0m&amp#27;[32m&amp#27;[1m"JSON"&amp#27;[0m                                             &amp#27;[90m# starter.stepdefinitions.CheckServicesDefinition.content_type_is(java.lang.String)&amp#27;[0m
RESPONSE TIME============> 3
  &amp#27;[32mAnd &amp#27;[0m&amp#27;[32mresponse time is less than &amp#27;[0m&amp#27;[32m&amp#27;[1m5&amp#27;[0m&amp#27;[32m second&amp#27;[0m                                &amp#27;[90m# starter.stepdefinitions.CheckServicesDefinition.response_time_is_less_than_second(long)&amp#27;[0m
COUNTRY============> Germany
STATE============> Baden-Württemberg
  &amp#27;[32mAnd &amp#27;[0m&amp#27;[32mcountry is &amp#27;[0m&amp#27;[32m&amp#27;[1m"Germany"&amp#27;[0m&amp#27;[32m state is &amp#27;[0m&amp#27;[32m&amp#27;[1m"Baden-WÃ¼rttemberg"&amp#27;[0m                  &amp#27;[90m# starter.stepdefinitions.CheckServicesDefinition.country_is_state_is(java.lang.String,java.lang.String)&amp#27;[0m
RESPONSE============> {"country abbreviation": "DE", "places": [{"place name": "Stuttgart Stuttgart-Mitte", "longitude": "9.1767", "post code": "70173", "latitude": "48.7786"}, {"place name": "Stuttgart", "longitude": "9.1833", "post code": "70173", "latitude": "48.7667"}, {"place name": "Stuttgart", "longitude": "9.1833", "post code": "70174", "latitude": "48.7667"}, {"place name": "Stuttgart Stuttgart-Mitte", "longitude": "9.172", "post code": "70174", "latitude": "48.7827"}, {"place name": "Stuttgart Stuttgart-Nord", "longitude": "9.1921", "post code": "70174", "latitude": "48.7978"}, {"place name": "Stuttgart", "longitude": "9.1833", "post code": "70176", "latitude": "48.7667"}, {"place name": "Stuttgart Stuttgart-Mitte", "longitude": "9.1585", "post code": "70176", "latitude": "48.7752"}, {"place name": "Stuttgart Stuttgart-West", "longitude": "9.1641", "post code": "70176", "latitude": "48.7736"}, {"place name": "Stuttgart Stuttgart-West", "longitude": "9.1641", "post code": "70178", "latitude": "48.7736"}, {"place name": "Stuttgart Stuttgart-Mitte", "longitude": "9.1731", "post code": "70178", "latitude": "48.7728"}, {"place name": "Stuttgart", "longitude": "9.1833", "post code": "70178", "latitude": "48.7667"}, {"place name": "Stuttgart Stuttgart-S\u00fcd", "longitude": "9.1678", "post code": "70178", "latitude": "48.7644"}, {"place name": "Stuttgart", "longitude": "9.1833", "post code": "70180", "latitude": "48.7667"}, {"place name": "Stuttgart Stuttgart-Mitte", "longitude": "9.1762", "post code": "70180", "latitude": "48.7649"}, {"place name": "Stuttgart Stuttgart-S\u00fcd", "longitude": "9.1678", "post code": "70180", "latitude": "48.7644"}, {"place name": "Stuttgart", "longitude": "9.1833", "post code": "70182", "latitude": "48.7667"}, {"place name": "Stuttgart Stuttgart-Mitte", "longitude": "9.1821", "post code": "70182", "latitude": "48.7745"}, {"place name": "Stuttgart", "longitude": "9.1833", "post code": "70184", "latitude": "48.7667"}, {"place name": "Stuttgart Frauenkopf", "longitude": "9.2218", "post code": "70184", "latitude": "48.7607"}, {"place name": "Stuttgart Stuttgart-S\u00fcd", "longitude": "9.1678", "post code": "70184", "latitude": "48.7644"}, {"place name": "Stuttgart Stuttgart-Ost", "longitude": "9.2079", "post code": "70184", "latitude": "48.7819"}, {"place name": "Stuttgart Stuttgart-Mitte", "longitude": "9.1798", "post code": "70184", "latitude": "48.7759"}, {"place name": "Stuttgart", "longitude": "9.1833", "post code": "70186", "latitude": "48.7667"}, {"place name": "Stuttgart Stuttgart-Ost", "longitude": "9.2042", "post code": "70186", "latitude": "48.7718"}, {"place name": "Stuttgart", "longitude": "9.1833", "post code": "70188", "latitude": "48.7667"}, {"place name": "Stuttgart Stuttgart-Mitte", "longitude": "9.2112", "post code": "70188", "latitude": "48.7836"}, {"place name": "Stuttgart Stuttgart-Ost", "longitude": "9.2079", "post code": "70188", "latitude": "48.7819"}, {"place name": "Stuttgart Stuttgart-Ost", "longitude": "9.2079", "post code": "70190", "latitude": "48.7819"}, {"place name": "Stuttgart", "longitude": "9.1833", "post code": "70190", "latitude": "48.7667"}, {"place name": "Stuttgart Stuttgart-Mitte", "longitude": "9.2019", "post code": "70190", "latitude": "48.7887"}, {"place name": "Stuttgart", "longitude": "9.1833", "post code": "70191", "latitude": "48.7667"}, {"place name": "Stuttgart Bad Cannstatt", "longitude": "9.2141", "post code": "70191", "latitude": "48.8056"}, {"place name": "Stuttgart Stuttgart-Nord", "longitude": "9.1824", "post code": "70191", "latitude": "48.7974"}, {"place name": "Stuttgart Feuerbach", "longitude": "9.1588", "post code": "70192", "latitude": "48.8113"}, {"place name": "Stuttgart", "longitude": "9.1833", "post code": "70192", "latitude": "48.7667"}, {"place name": "Stuttgart Stuttgart-Nord", "longitude": "9.1921", "post code": "70192", "latitude": "48.7978"}, {"place name": "Stuttgart", "longitude": "9.1833", "post code": "70193", "latitude": "48.7667"}, {"place name": "Stuttgart Stuttgart-West", "longitude": "9.1641", "post code": "70193", "latitude": "48.7736"}, {"place name": "Stuttgart Stuttgart-Nord", "longitude": "9.1557", "post code": "70193", "latitude": "48.7784"}, {"place name": "Stuttgart", "longitude": "9.1833", "post code": "70195", "latitude": "48.7667"}, {"place name": "Stuttgart Botnang", "longitude": "9.1304", "post code": "70195", "latitude": "48.7762"}, {"place name": "Stuttgart", "longitude": "9.1833", "post code": "70197", "latitude": "48.7667"}, {"place name": "Stuttgart Stuttgart-West", "longitude": "9.1485", "post code": "70197", "latitude": "48.767"}, {"place name": "Stuttgart Stuttgart-S\u00fcd", "longitude": "9.1678", "post code": "70199", "latitude": "48.7644"}, {"place name": "Stuttgart Stuttgart-West", "longitude": "9.1509", "post code": "70199", "latitude": "48.7582"}, {"place name": "Stuttgart", "longitude": "9.1833", "post code": "70199", "latitude": "48.7667"}, {"place name": "Stuttgart Rotenberg", "longitude": "9.2715", "post code": "70327", "latitude": "48.7833"}, {"place name": "Stuttgart Hedelfingen", "longitude": "9.2557", "post code": "70327", "latitude": "48.7586"}, {"place name": "Stuttgart Luginsland", "longitude": "9.2579", "post code": "70327", "latitude": "48.7931"}, {"place name": "Stuttgart", "longitude": "9.1833", "post code": "70327", "latitude": "48.7667"}, {"place name": "Stuttgart Wangen", "longitude": "9.2478", "post code": "70327", "latitude": "48.7687"}, {"place name": "Stuttgart Stuttgart-Ost", "longitude": "9.2444", "post code": "70327", "latitude": "48.7726"}, {"place name": "Stuttgart Untert\u00fcrkheim", "longitude": "9.2509", "post code": "70327", "latitude": "48.7802"}, {"place name": "Stuttgart", "longitude": "9.1833", "post code": "70329", "latitude": "48.7667"}, {"place name": "Stuttgart Uhlbach", "longitude": "9.2788", "post code": "70329", "latitude": "48.7762"}, {"place name": "Stuttgart Rohracker", "longitude": "9.2618", "post code": "70329", "latitude": "48.7618"}, {"place name": "Stuttgart Obert\u00fcrkheim", "longitude": "9.2683", "post code": "70329", "latitude": "48.7646"}, {"place name": "Stuttgart", "longitude": "9.2177", "post code": "70372", "latitude": "48.8026"}, {"place name": "Stuttgart Bad Cannstatt", "longitude": "9.2141", "post code": "70372", "latitude": "48.8056"}, {"place name": "Stuttgart", "longitude": "9.1833", "post code": "70374", "latitude": "48.7667"}, {"place name": "Stuttgart Bad Cannstatt", "longitude": "9.2141", "post code": "70374", "latitude": "48.8056"}, {"place name": "Stuttgart Sommerrain", "longitude": "9.2367", "post code": "70374", "latitude": "48.8106"}, {"place name": "Stuttgart Burgholzhof", "longitude": "9.2124", "post code": "70376", "latitude": "48.8137"}, {"place name": "Stuttgart M\u00fcnster", "longitude": "9.22", "post code": "70376", "latitude": "48.8213"}, {"place name": "Stuttgart Bad Cannstatt", "longitude": "9.2141", "post code": "70376", "latitude": "48.8056"}, {"place name": "Stuttgart", "longitude": "9.1833", "post code": "70376", "latitude": "48.7667"}, {"place name": "Stuttgart", "longitude": "9.227", "post code": "70378", "latitude": "48.837"}, {"place name": "Stuttgart", "longitude": "9.1833", "post code": "70435", "latitude": "48.7667"}, {"place name": "Stuttgart Zuffenhausen", "longitude": "9.1656", "post code": "70435", "latitude": "48.8334"}, {"place name": "Stuttgart Zuffenhausen", "longitude": "9.1938", "post code": "70437", "latitude": "48.8353"}, {"place name": "Stuttgart Rot", "longitude": "9.1927", "post code": "70437", "latitude": "48.8341"}, {"place name": "Stuttgart", "longitude": "9.1833", "post code": "70437", "latitude": "48.7667"}, {"place name": "Stuttgart M\u00f6nchfeld", "longitude": "9.2192", "post code": "70437", "latitude": "48.8424"}, {"place name": "Stuttgart Zazenhausen", "longitude": "9.1928", "post code": "70437", "latitude": "48.8409"}, {"place name": "Stuttgart Freiberg", "longitude": "9.2049", "post code": "70437", "latitude": "48.8363"}, {"place name": "Stuttgart Neuwirtshaus", "longitude": "9.1424", "post code": "70439", "latitude": "48.8357"}, {"place name": "Stuttgart Zuffenhausen", "longitude": "9.1525", "post code": "70439", "latitude": "48.8412"}, {"place name": "Stuttgart", "longitude": "9.1833", "post code": "70439", "latitude": "48.7667"}, {"place name": "Stuttgart Stammheim", "longitude": "9.156", "post code": "70439", "latitude": "48.8493"}, {"place name": "Stuttgart Feuerbach", "longitude": "9.1612", "post code": "70469", "latitude": "48.8098"}, {"place name": "Stuttgart", "longitude": "9.1833", "post code": "70469", "latitude": "48.7667"}, {"place name": "Stuttgart Zuffenhausen", "longitude": "9.1675", "post code": "70469", "latitude": "48.8141"}, {"place name": "Stuttgart Giebel", "longitude": "9.0891", "post code": "70499", "latitude": "48.8067"}, {"place name": "Stuttgart", "longitude": "9.1833", "post code": "70499", "latitude": "48.7667"}, {"place name": "Stuttgart Weilimdorf", "longitude": "9.1123", "post code": "70499", "latitude": "48.8143"}, {"place name": "Stuttgart Hausen", "longitude": "9.0829", "post code": "70499", "latitude": "48.8151"}, {"place name": "Stuttgart Wolfbusch", "longitude": "9.1118", "post code": "70499", "latitude": "48.8125"}, {"place name": "Stuttgart Bergheim", "longitude": "9.0897", "post code": "70499", "latitude": "48.8013"}, {"place name": "Stuttgart Zuffenhausen", "longitude": "9.1685", "post code": "70499", "latitude": "48.8323"}, {"place name": "Stuttgart M\u00f6hringen", "longitude": "9.1464", "post code": "70563", "latitude": "48.7258"}, {"place name": "Stuttgart", "longitude": "9.1833", "post code": "70563", "latitude": "48.7667"}, {"place name": "Stuttgart Vaihingen", "longitude": "9.103", "post code": "70563", "latitude": "48.7294"}, {"place name": "Stuttgart D\u00fcrrlewang", "longitude": "9.1181", "post code": "70565", "latitude": "48.7195"}, {"place name": "Stuttgart Fasanenhof", "longitude": "9.1509", "post code": "70565", "latitude": "48.7124"}, {"place name": "Stuttgart", "longitude": "9.1833", "post code": "70565", "latitude": "48.7667"}, {"place name": "Stuttgart M\u00f6hringen", "longitude": "9.1464", "post code": "70565", "latitude": "48.7258"}, {"place name": "Stuttgart Vaihingen", "longitude": "9.1247", "post code": "70565", "latitude": "48.7248"}, {"place name": "Stuttgart Rohr", "longitude": "9.106", "post code": "70565", "latitude": "48.7172"}, {"place name": "Stuttgart M\u00f6hringen", "longitude": "9.1464", "post code": "70567", "latitude": "48.7258"}, {"place name": "Stuttgart", "longitude": "9.1833", "post code": "70567", "latitude": "48.7667"}, {"place name": "Stuttgart Degerloch", "longitude": "9.1534", "post code": "70567", "latitude": "48.7237"}, {"place name": "Stuttgart Vaihingen", "longitude": "9.1097", "post code": "70569", "latitude": "48.7301"}, {"place name": "Stuttgart Kaltental", "longitude": "9.1293", "post code": "70569", "latitude": "48.7383"}, {"place name": "Stuttgart", "longitude": "9.1833", "post code": "70569", "latitude": "48.7667"}, {"place name": "Stuttgart B\u00fcsnau", "longitude": "9.0798", "post code": "70569", "latitude": "48.7506"}, {"place name": "Stuttgart Degerloch", "longitude": "9.1703", "post code": "70597", "latitude": "48.7496"}, {"place name": "Stuttgart Kaltental", "longitude": "9.1293", "post code": "70597", "latitude": "48.7383"}, {"place name": "Stuttgart Hoffeld", "longitude": "9.1739", "post code": "70597", "latitude": "48.7425"}, {"place name": "Stuttgart", "longitude": "9.1833", "post code": "70597", "latitude": "48.7667"}, {"place name": "Stuttgart M\u00f6hringen", "longitude": "9.1464", "post code": "70597", "latitude": "48.7258"}, {"place name": "Stuttgart Sonnenberg", "longitude": "9.1552", "post code": "70597", "latitude": "48.7446"}, {"place name": "Stuttgart Sch\u00f6nberg", "longitude": "9.2001", "post code": "70599", "latitude": "48.7325"}, {"place name": "Stuttgart", "longitude": "9.1833", "post code": "70599", "latitude": "48.7667"}, {"place name": "Stuttgart Steckfeld", "longitude": "9.2014", "post code": "70599", "latitude": "48.7153"}, {"place name": "Stuttgart Birkach", "longitude": "9.2108", "post code": "70599", "latitude": "48.7082"}, {"place name": "Stuttgart Plieningen", "longitude": "9.2107", "post code": "70599", "latitude": "48.701"}, {"place name": "Stuttgart Asemwald", "longitude": "9.1932", "post code": "70599", "latitude": "48.726"}, {"place name": "Stuttgart Hohenheim", "longitude": "9.2113", "post code": "70599", "latitude": "48.7118"}, {"place name": "Stuttgart Heumaden", "longitude": "9.2376", "post code": "70619", "latitude": "48.7463"}, {"place name": "Stuttgart", "longitude": "9.1833", "post code": "70619", "latitude": "48.7667"}, {"place name": "Stuttgart Lederberg", "longitude": "9.243", "post code": "70619", "latitude": "48.7532"}, {"place name": "Stuttgart Sillenbuch", "longitude": "9.2074", "post code": "70619", "latitude": "48.7474"}, {"place name": "Stuttgart Riedenberg", "longitude": "9.2134", "post code": "70619", "latitude": "48.736"}, {"place name": "Stuttgart Flughafen", "longitude": "9.2121", "post code": "70629", "latitude": "48.6836"}, {"place name": "Stuttgart", "longitude": "9.1833", "post code": "70629", "latitude": "48.7667"}], "country": "Germany", "place name": "Stuttgart Stuttgart-Mitte", "state": "Baden-W\u00fcrttemberg", "state abbreviation": "BW"}
MATCHED PLACE NAME============>Stuttgart Degerloch
MATCHED PLACE NAME============>Stuttgart Kaltental
MATCHED PLACE NAME============>Stuttgart Hoffeld
MATCHED PLACE NAME============>Stuttgart
MATCHED PLACE NAME============>Stuttgart Möhringen
MATCHED PLACE NAME============>Stuttgart Sonnenberg
  &amp#27;[32mAnd &amp#27;[0m&amp#27;[32mfor post code &amp#27;[0m&amp#27;[32m&amp#27;[1m"70597"&amp#27;[0m&amp#27;[32m the place name has &amp#27;[0m&amp#27;[32m&amp#27;[1m"Stuttgart Degerloch"&amp#27;[0m     &amp#27;[90m# starter.stepdefinitions.CheckServicesDefinition.for_post_code_the_place_name_has(java.lang.String,java.lang.String)&amp#27;[0m
03:44:49.421 [pool-2-thread-1] INFO   - 
        __    _____ _____ ____ _____   ____   _    ____  ____  _____ ____  
  _     \ \  |_   _| ____/ ___|_   _| |  _ \ / \  / ___|/ ___|| ____|  _ \ 
 (_)_____| |   | | |  _| \___ \ | |   | |_) / _ \ \___ \\___ \|  _| | | | |
  _|_____| |   | | | |___ ___) || |   |  __/ ___ \ ___) |___) | |___| |_| |
 (_)     | |   |_| |_____|____/ |_|   |_| /_/   \_\____/|____/|_____|____/ 
        /_/                                                                

Verify response for a city
----------------------------------------------------------------------------
]]></system-out>
  </testcase>
  <testcase name="Verify response for multiple cities #1" classname="Check for Response Status Code, Content Type, Response Time and other other basic response validation" time="3.927">
    <system-out><![CDATA[
@APITest @SogetiTask @Test2
Scenario Outline: Verify response for multiple cities                 &amp#27;[90m# src/test/resources/features/apiFeatures/CheckService.feature:23&amp#27;[0m
03:44:49.450 [pool-2-thread-1] INFO  i.c.core.plugin.SerenityReporter - Running feature from file:///D:/Chetan/Workspace/sojeti-automation-task-serenity-cucumber/src/test/resources/features/apiFeatures/CheckService.feature
03:44:49.479 [pool-2-thread-1] INFO   - 
 _____ _____ ____ _____   ____ _____  _    ____ _____ _____ ____  
|_   _| ____/ ___|_   _| / ___|_   _|/ \  |  _ \_   _| ____|  _ \ 
  | | |  _| \___ \ | |   \___ \ | | / _ \ | |_) || | |  _| | | | |
  | | | |___ ___) || |    ___) || |/ ___ \|  _ < | | | |___| |_| |
  |_| |_____|____/ |_|   |____/ |_/_/   \_\_| \_\|_| |_____|____/ 

Verify response for multiple cities(check-for-response-status-code--content-type--response-time-and-other-other-basic-response-validation;verify-response-for-multiple-cities)
-------------------------------------------------------------------
URL============> http://api.zippopotam.us/de/70597
  &amp#27;[32mGiven &amp#27;[0m&amp#27;[32man API Get Request is triggered with &amp#27;[0m&amp#27;[32m&amp#27;[1m"de"&amp#27;[0m&amp#27;[32m and &amp#27;[0m&amp#27;[32m&amp#27;[1m"70597"&amp#27;[0m&amp#27;[32m details&amp#27;[0m &amp#27;[90m# starter.stepdefinitions.CheckServicesDefinition.an_api_get_request_is_triggered_with_and_details(java.lang.String,java.lang.String)&amp#27;[0m
REPONSE CODE============> 200
  &amp#27;[32mThen &amp#27;[0m&amp#27;[32mAPI service response code is &amp#27;[0m&amp#27;[32m&amp#27;[1m200&amp#27;[0m                               &amp#27;[90m# starter.stepdefinitions.CheckServicesDefinition.api_service_response_code_is(int)&amp#27;[0m
CONTENT TYPE============> application/json
  &amp#27;[32mAnd &amp#27;[0m&amp#27;[32mcontent type is &amp#27;[0m&amp#27;[32m&amp#27;[1m"JSON"&amp#27;[0m                                          &amp#27;[90m# starter.stepdefinitions.CheckServicesDefinition.content_type_is(java.lang.String)&amp#27;[0m
RESPONSE TIME============> 0
  &amp#27;[32mAnd &amp#27;[0m&amp#27;[32mresponse time is less than &amp#27;[0m&amp#27;[32m&amp#27;[1m5&amp#27;[0m&amp#27;[32m second&amp#27;[0m                             &amp#27;[90m# starter.stepdefinitions.CheckServicesDefinition.response_time_is_less_than_second(long)&amp#27;[0m
RESPONSE============> {"post code": "70597", "country": "Germany", "country abbreviation": "DE", "places": [{"place name": "Stuttgart Degerloch", "longitude": "9.1703", "state": "Baden-W\u00fcrttemberg", "state abbreviation": "BW", "latitude": "48.7496"}, {"place name": "Stuttgart Kaltental", "longitude": "9.1293", "state": "Baden-W\u00fcrttemberg", "state abbreviation": "BW", "latitude": "48.7383"}, {"place name": "Stuttgart Hoffeld", "longitude": "9.1739", "state": "Baden-W\u00fcrttemberg", "state abbreviation": "BW", "latitude": "48.7425"}, {"place name": "Stuttgart", "longitude": "9.1833", "state": "Baden-W\u00fcrttemberg", "state abbreviation": "BW", "latitude": "48.7667"}, {"place name": "Stuttgart M\u00f6hringen", "longitude": "9.1464", "state": "Baden-W\u00fcrttemberg", "state abbreviation": "BW", "latitude": "48.7258"}, {"place name": "Stuttgart Sonnenberg", "longitude": "9.1552", "state": "Baden-W\u00fcrttemberg", "state abbreviation": "BW", "latitude": "48.7446"}]}
MATCHED PLACE NAME============>Stuttgart Degerloch
MATCHED PLACE NAME============>Stuttgart Kaltental
MATCHED PLACE NAME============>Stuttgart Hoffeld
MATCHED PLACE NAME============>Stuttgart
MATCHED PLACE NAME============>Stuttgart Möhringen
MATCHED PLACE NAME============>Stuttgart Sonnenberg
  &amp#27;[32mAnd &amp#27;[0m&amp#27;[32mplace name is &amp#27;[0m&amp#27;[32m&amp#27;[1m"Stuttgart Degerloch"&amp#27;[0m                             &amp#27;[90m# starter.stepdefinitions.CheckServicesDefinition.place_name_is(java.lang.String)&amp#27;[0m
03:44:53.359 [pool-2-thread-1] INFO   - 
        __    _____ _____ ____ _____   ____   _    ____  ____  _____ ____  
  _     \ \  |_   _| ____/ ___|_   _| |  _ \ / \  / ___|/ ___|| ____|  _ \ 
 (_)_____| |   | | |  _| \___ \ | |   | |_) / _ \ \___ \\___ \|  _| | | | |
  _|_____| |   | | | |___ ___) || |   |  __/ ___ \ ___) |___) | |___| |_| |
 (_)     | |   |_| |_____|____/ |_|   |_| /_/   \_\____/|____/|_____|____/ 
        /_/                                                                

Verify response for multiple cities
----------------------------------------------------------------------------
]]></system-out>
  </testcase>
  <testcase name="Verify response for multiple cities #2" classname="Check for Response Status Code, Content Type, Response Time and other other basic response validation" time="0.382">
    <system-out><![CDATA[
@APITest @SogetiTask @Test2
Scenario Outline: Verify response for multiple cities                 &amp#27;[90m# src/test/resources/features/apiFeatures/CheckService.feature:24&amp#27;[0m
03:44:53.380 [pool-2-thread-1] INFO  i.c.core.plugin.SerenityReporter - Running feature from file:///D:/Chetan/Workspace/sojeti-automation-task-serenity-cucumber/src/test/resources/features/apiFeatures/CheckService.feature
URL============> http://api.zippopotam.us/us/90210
  &amp#27;[32mGiven &amp#27;[0m&amp#27;[32man API Get Request is triggered with &amp#27;[0m&amp#27;[32m&amp#27;[1m"us"&amp#27;[0m&amp#27;[32m and &amp#27;[0m&amp#27;[32m&amp#27;[1m"90210"&amp#27;[0m&amp#27;[32m details&amp#27;[0m &amp#27;[90m# starter.stepdefinitions.CheckServicesDefinition.an_api_get_request_is_triggered_with_and_details(java.lang.String,java.lang.String)&amp#27;[0m
REPONSE CODE============> 200
  &amp#27;[32mThen &amp#27;[0m&amp#27;[32mAPI service response code is &amp#27;[0m&amp#27;[32m&amp#27;[1m200&amp#27;[0m                               &amp#27;[90m# starter.stepdefinitions.CheckServicesDefinition.api_service_response_code_is(int)&amp#27;[0m
CONTENT TYPE============> application/json
  &amp#27;[32mAnd &amp#27;[0m&amp#27;[32mcontent type is &amp#27;[0m&amp#27;[32m&amp#27;[1m"JSON"&amp#27;[0m                                          &amp#27;[90m# starter.stepdefinitions.CheckServicesDefinition.content_type_is(java.lang.String)&amp#27;[0m
RESPONSE TIME============> 0
  &amp#27;[32mAnd &amp#27;[0m&amp#27;[32mresponse time is less than &amp#27;[0m&amp#27;[32m&amp#27;[1m5&amp#27;[0m&amp#27;[32m second&amp#27;[0m                             &amp#27;[90m# starter.stepdefinitions.CheckServicesDefinition.response_time_is_less_than_second(long)&amp#27;[0m
RESPONSE============> {"post code": "90210", "country": "United States", "country abbreviation": "US", "places": [{"place name": "Beverly Hills", "longitude": "-118.4065", "state": "California", "state abbreviation": "CA", "latitude": "34.0901"}]}
MATCHED PLACE NAME============>Beverly Hills
  &amp#27;[32mAnd &amp#27;[0m&amp#27;[32mplace name is &amp#27;[0m&amp#27;[32m&amp#27;[1m"Beverly Hills"&amp#27;[0m                                   &amp#27;[90m# starter.stepdefinitions.CheckServicesDefinition.place_name_is(java.lang.String)&amp#27;[0m
03:44:53.741 [pool-2-thread-1] INFO   - 
        __    _____ _____ ____ _____   ____   _    ____  ____  _____ ____  
  _     \ \  |_   _| ____/ ___|_   _| |  _ \ / \  / ___|/ ___|| ____|  _ \ 
 (_)_____| |   | | |  _| \___ \ | |   | |_) / _ \ \___ \\___ \|  _| | | | |
  _|_____| |   | | | |___ ___) || |   |  __/ ___ \ ___) |___) | |___| |_| |
 (_)     | |   |_| |_____|____/ |_|   |_| /_/   \_\____/|____/|_____|____/ 
        /_/                                                                

Verify response for multiple cities
----------------------------------------------------------------------------
]]></system-out>
  </testcase>
  <testcase name="Verify response for multiple cities #3" classname="Check for Response Status Code, Content Type, Response Time and other other basic response validation" time="0.384">
    <system-out><![CDATA[
@APITest @SogetiTask @Test2
Scenario Outline: Verify response for multiple cities                 &amp#27;[90m# src/test/resources/features/apiFeatures/CheckService.feature:25&amp#27;[0m
03:44:53.757 [pool-2-thread-1] INFO  i.c.core.plugin.SerenityReporter - Running feature from file:///D:/Chetan/Workspace/sojeti-automation-task-serenity-cucumber/src/test/resources/features/apiFeatures/CheckService.feature
URL============> http://api.zippopotam.us/us/12345
  &amp#27;[32mGiven &amp#27;[0m&amp#27;[32man API Get Request is triggered with &amp#27;[0m&amp#27;[32m&amp#27;[1m"us"&amp#27;[0m&amp#27;[32m and &amp#27;[0m&amp#27;[32m&amp#27;[1m"12345"&amp#27;[0m&amp#27;[32m details&amp#27;[0m &amp#27;[90m# starter.stepdefinitions.CheckServicesDefinition.an_api_get_request_is_triggered_with_and_details(java.lang.String,java.lang.String)&amp#27;[0m
REPONSE CODE============> 200
  &amp#27;[32mThen &amp#27;[0m&amp#27;[32mAPI service response code is &amp#27;[0m&amp#27;[32m&amp#27;[1m200&amp#27;[0m                               &amp#27;[90m# starter.stepdefinitions.CheckServicesDefinition.api_service_response_code_is(int)&amp#27;[0m
CONTENT TYPE============> application/json
  &amp#27;[32mAnd &amp#27;[0m&amp#27;[32mcontent type is &amp#27;[0m&amp#27;[32m&amp#27;[1m"JSON"&amp#27;[0m                                          &amp#27;[90m# starter.stepdefinitions.CheckServicesDefinition.content_type_is(java.lang.String)&amp#27;[0m
RESPONSE TIME============> 0
  &amp#27;[32mAnd &amp#27;[0m&amp#27;[32mresponse time is less than &amp#27;[0m&amp#27;[32m&amp#27;[1m5&amp#27;[0m&amp#27;[32m second&amp#27;[0m                             &amp#27;[90m# starter.stepdefinitions.CheckServicesDefinition.response_time_is_less_than_second(long)&amp#27;[0m
RESPONSE============> {"post code": "12345", "country": "United States", "country abbreviation": "US", "places": [{"place name": "Schenectady", "longitude": "-74.058", "state": "New York", "state abbreviation": "NY", "latitude": "42.8333"}]}
MATCHED PLACE NAME============>Schenectady
  &amp#27;[32mAnd &amp#27;[0m&amp#27;[32mplace name is &amp#27;[0m&amp#27;[32m&amp#27;[1m"Schenectady"&amp#27;[0m                                     &amp#27;[90m# starter.stepdefinitions.CheckServicesDefinition.place_name_is(java.lang.String)&amp#27;[0m
]]></system-out>
  </testcase>
  <testcase name="Verify response for multiple cities #4" classname="Check for Response Status Code, Content Type, Response Time and other other basic response validation" time="0.43">
    <system-out><![CDATA[
@APITest @SogetiTask @Test2
Scenario Outline: Verify response for multiple cities               &amp#27;[90m# src/test/resources/features/apiFeatures/CheckService.feature:26&amp#27;[0m
03:44:54.141 [pool-2-thread-1] INFO  i.c.core.plugin.SerenityReporter - Running feature from file:///D:/Chetan/Workspace/sojeti-automation-task-serenity-cucumber/src/test/resources/features/apiFeatures/CheckService.feature
URL============> http://api.zippopotam.us/ca/B2R
  &amp#27;[32mGiven &amp#27;[0m&amp#27;[32man API Get Request is triggered with &amp#27;[0m&amp#27;[32m&amp#27;[1m"ca"&amp#27;[0m&amp#27;[32m and &amp#27;[0m&amp#27;[32m&amp#27;[1m"B2R"&amp#27;[0m&amp#27;[32m details&amp#27;[0m &amp#27;[90m# starter.stepdefinitions.CheckServicesDefinition.an_api_get_request_is_triggered_with_and_details(java.lang.String,java.lang.String)&amp#27;[0m
REPONSE CODE============> 200
  &amp#27;[32mThen &amp#27;[0m&amp#27;[32mAPI service response code is &amp#27;[0m&amp#27;[32m&amp#27;[1m200&amp#27;[0m                             &amp#27;[90m# starter.stepdefinitions.CheckServicesDefinition.api_service_response_code_is(int)&amp#27;[0m
CONTENT TYPE============> application/json
  &amp#27;[32mAnd &amp#27;[0m&amp#27;[32mcontent type is &amp#27;[0m&amp#27;[32m&amp#27;[1m"JSON"&amp#27;[0m                                        &amp#27;[90m# starter.stepdefinitions.CheckServicesDefinition.content_type_is(java.lang.String)&amp#27;[0m
RESPONSE TIME============> 0
  &amp#27;[32mAnd &amp#27;[0m&amp#27;[32mresponse time is less than &amp#27;[0m&amp#27;[32m&amp#27;[1m5&amp#27;[0m&amp#27;[32m second&amp#27;[0m                           &amp#27;[90m# starter.stepdefinitions.CheckServicesDefinition.response_time_is_less_than_second(long)&amp#27;[0m
RESPONSE============> {"post code": "B2R", "country": "Canada", "country abbreviation": "CA", "places": [{"place name": "Waverley", "longitude": "-63.5144", "state": "Nova Scotia", "state abbreviation": "NS", "latitude": "44.7431"}]}
MATCHED PLACE NAME============>Waverley
  &amp#27;[32mAnd &amp#27;[0m&amp#27;[32mplace name is &amp#27;[0m&amp#27;[32m&amp#27;[1m"Waverley"&amp#27;[0m                                      &amp#27;[90m# starter.stepdefinitions.CheckServicesDefinition.place_name_is(java.lang.String)&amp#27;[0m
]]></system-out>
  </testcase>
</testsuite>